C:\Users\Rizwan\Desktop\WebApp\WebApp\app\app.component.js
C:\Users\Rizwan\Desktop\WebApp\WebApp\app\app.component.js.map
C:\Users\Rizwan\Desktop\WebApp\WebApp\app\home\home.component.js
C:\Users\Rizwan\Desktop\WebApp\WebApp\app\home\home.component.js.map
C:\Users\Rizwan\Desktop\WebApp\WebApp\app\home2\home2.component.js
C:\Users\Rizwan\Desktop\WebApp\WebApp\app\home2\home2.component.js.map
C:\Users\Rizwan\Desktop\WebApp\WebApp\app\app.module.js
C:\Users\Rizwan\Desktop\WebApp\WebApp\app\app.module.js.map
C:\Users\Rizwan\Desktop\WebApp\WebApp\main.js
C:\Users\Rizwan\Desktop\WebApp\WebApp\main.js.map
C:\Users\Rizwan\Desktop\WebApp\WebApp\app\app.component.spec.js
C:\Users\Rizwan\Desktop\WebApp\WebApp\app\app.component.spec.js.map
C:\Users\Rizwan\Desktop\WebApp\WebApp\app\app.component.js
C:\Users\Rizwan\Desktop\WebApp\WebApp\app\app.component.js.map
C:\Users\Rizwan\Desktop\WebApp\WebApp\app\home\home.component.js
C:\Users\Rizwan\Desktop\WebApp\WebApp\app\home\home.component.js.map
C:\Users\Rizwan\Desktop\WebApp\WebApp\app\home2\home2.component.js
C:\Users\Rizwan\Desktop\WebApp\WebApp\app\home2\home2.component.js.map
C:\Users\Rizwan\Desktop\WebApp\WebApp\app\app.module.js
C:\Users\Rizwan\Desktop\WebApp\WebApp\app\app.module.js.map
C:\Users\Rizwan\Desktop\WebApp\WebApp\main.js
C:\Users\Rizwan\Desktop\WebApp\WebApp\main.js.map
C:\Users\Rizwan\Desktop\WebApp\WebApp\app\app.component.spec.js
C:\Users\Rizwan\Desktop\WebApp\WebApp\app\app.component.spec.js.map
